18:18:24.215 [main] INFO  d.s.c.ls.C4LanguageServerLauncher - Starting Socket Connection
18:18:24.226 [main] INFO  d.s.c.ls.C4LanguageServerLauncher - READY_TO_CONNECT
18:18:24.233 [main] INFO  d.s.c.ls.C4LanguageServerLauncher - Launching C4LanguageServer started
18:18:24.375 [main] INFO  d.s.c.ls.service.C4LanguageServer - getTextDocumentService
18:18:24.418 [main] INFO  d.s.c.ls.service.C4LanguageServer - getTextDocumentService
18:18:24.420 [main] INFO  d.s.c.ls.service.C4LanguageServer - getWorkspaceService
18:18:24.426 [main] INFO  d.s.c.ls.service.C4LanguageServer - connect
18:18:24.452 [pool-1-thread-1] INFO  d.s.c.ls.service.C4LanguageServer - initialize
18:18:24.477 [pool-1-thread-1] INFO  d.s.c.l.s.C4TextDocumentService - didOpen file:///home/idan/dev/cnc/doc/cnc_controller.dsl
18:18:24.478 [ForkJoinPool.commonPool-worker-1] INFO  d.s.c.l.s.C4TextDocumentService - --> getDiagnostics 0
18:18:24.480 [ForkJoinPool.commonPool-worker-2] INFO  d.s.c.ls.service.C4WorkspaceService - executeCommand c4-server.autoformat.indent
18:18:24.481 [pool-1-thread-1] INFO  d.s.c.l.s.C4TextDocumentService - documentColor
18:18:24.482 [ForkJoinPool.commonPool-worker-2] INFO  d.s.c.l.s.C4TextDocumentService - --> getDocument
18:18:24.488 [ForkJoinPool.commonPool-worker-1] DEBUG d.s.c.ls.model.C4DocumentManager - createModel /home/idan/dev/cnc/doc/cnc_controller.dsl
18:18:24.491 [ForkJoinPool.commonPool-worker-1] DEBUG d.s.c.ls.model.C4DocumentManager - Parsing...
18:18:24.507 [ForkJoinPool.commonPool-worker-1] DEBUG d.s.c.ls.model.C4DocumentManager - onStartContext: cnc_controller.dsl at linenumber 1, contextId: 234901058, contextName WorkspaceDslContext
18:18:24.507 [ForkJoinPool.commonPool-worker-1] DEBUG d.s.c.ls.model.C4DocumentManager - getModel file: /home/idan/dev/cnc/doc/cnc_controller.dsl
18:18:24.507 [ForkJoinPool.commonPool-worker-1] DEBUG d.s.c.ls.model.C4DocumentManager - onStartContext: cnc_controller.dsl at linenumber 3, contextId: 125917802, contextName ModelDslContext
18:18:24.508 [ForkJoinPool.commonPool-worker-1] DEBUG d.s.c.ls.model.C4DocumentManager - getModel file: /home/idan/dev/cnc/doc/cnc_controller.dsl
18:18:24.509 [ForkJoinPool.commonPool-worker-1] DEBUG d.s.c.ls.model.C4DocumentManager - onParsedModelElement identifier: user, modelId: 1 at linenumber: cnc_controller.dsl, 4
18:18:24.509 [ForkJoinPool.commonPool-worker-1] DEBUG d.s.c.ls.model.C4DocumentManager - getModel file: /home/idan/dev/cnc/doc/cnc_controller.dsl
18:18:24.509 [ForkJoinPool.commonPool-worker-1] DEBUG d.s.c.ls.model.C4DocumentManager - onStartContext: cnc_controller.dsl at linenumber 4, contextId: 759802710, contextName PersonDslContext
18:18:24.509 [ForkJoinPool.commonPool-worker-1] DEBUG d.s.c.ls.model.C4DocumentManager - getModel file: /home/idan/dev/cnc/doc/cnc_controller.dsl
18:18:24.510 [ForkJoinPool.commonPool-worker-1] DEBUG d.s.c.ls.model.C4DocumentManager - onEndContext: cnc_controller.dsl at linenumber 6, contextId: 759802710, contextName PersonDslContext
18:18:24.510 [ForkJoinPool.commonPool-worker-1] DEBUG d.s.c.ls.model.C4DocumentManager - getModel file: /home/idan/dev/cnc/doc/cnc_controller.dsl
18:18:24.512 [ForkJoinPool.commonPool-worker-1] DEBUG d.s.c.ls.model.C4DocumentManager - onParsedModelElement identifier: cnc_controller, modelId: 2 at linenumber: cnc_controller.dsl, 8
18:18:24.513 [ForkJoinPool.commonPool-worker-1] DEBUG d.s.c.ls.model.C4DocumentManager - getModel file: /home/idan/dev/cnc/doc/cnc_controller.dsl
18:18:24.513 [ForkJoinPool.commonPool-worker-1] DEBUG d.s.c.ls.model.C4DocumentManager - onStartContext: cnc_controller.dsl at linenumber 8, contextId: 909340948, contextName SoftwareSystemDslContext
18:18:24.513 [ForkJoinPool.commonPool-worker-1] DEBUG d.s.c.ls.model.C4DocumentManager - getModel file: /home/idan/dev/cnc/doc/cnc_controller.dsl
18:18:24.514 [ForkJoinPool.commonPool-worker-1] DEBUG d.s.c.ls.model.C4DocumentManager - onParsedModelElement identifier: offboard_client, modelId: 3 at linenumber: cnc_controller.dsl, 11
18:18:24.514 [ForkJoinPool.commonPool-worker-1] DEBUG d.s.c.ls.model.C4DocumentManager - getModel file: /home/idan/dev/cnc/doc/cnc_controller.dsl
18:18:24.514 [ForkJoinPool.commonPool-worker-1] DEBUG d.s.c.ls.model.C4DocumentManager - onStartContext: cnc_controller.dsl at linenumber 11, contextId: 1229411307, contextName ContainerDslContext
18:18:24.514 [ForkJoinPool.commonPool-worker-1] DEBUG d.s.c.ls.model.C4DocumentManager - getModel file: /home/idan/dev/cnc/doc/cnc_controller.dsl
18:18:24.516 [ForkJoinPool.commonPool-worker-1] DEBUG d.s.c.ls.model.C4DocumentManager - onParsedRelationShip 1->3, identifier: null, at linenumber: cnc_controller.dsl, 14
18:18:24.517 [ForkJoinPool.commonPool-worker-1] DEBUG d.s.c.ls.model.C4DocumentManager - getModel file: /home/idan/dev/cnc/doc/cnc_controller.dsl
18:18:24.518 [ForkJoinPool.commonPool-worker-1] DEBUG d.s.c.ls.model.C4DocumentManager - onParsedRelationShip 3->1, identifier: null, at linenumber: cnc_controller.dsl, 15
18:18:24.518 [ForkJoinPool.commonPool-worker-1] DEBUG d.s.c.ls.model.C4DocumentManager - getModel file: /home/idan/dev/cnc/doc/cnc_controller.dsl
18:18:24.519 [ForkJoinPool.commonPool-worker-1] DEBUG d.s.c.ls.model.C4DocumentManager - onEndContext: cnc_controller.dsl at linenumber 16, contextId: 1229411307, contextName ContainerDslContext
18:18:24.519 [ForkJoinPool.commonPool-worker-1] DEBUG d.s.c.ls.model.C4DocumentManager - getModel file: /home/idan/dev/cnc/doc/cnc_controller.dsl
18:18:24.519 [ForkJoinPool.commonPool-worker-1] DEBUG d.s.c.ls.model.C4DocumentManager - onParsedModelElement identifier: onboard_server, modelId: 8 at linenumber: cnc_controller.dsl, 18
18:18:24.519 [ForkJoinPool.commonPool-worker-1] DEBUG d.s.c.ls.model.C4DocumentManager - getModel file: /home/idan/dev/cnc/doc/cnc_controller.dsl
18:18:24.519 [ForkJoinPool.commonPool-worker-1] DEBUG d.s.c.ls.model.C4DocumentManager - onStartContext: cnc_controller.dsl at linenumber 18, contextId: 990459106, contextName ContainerDslContext
18:18:24.519 [ForkJoinPool.commonPool-worker-1] DEBUG d.s.c.ls.model.C4DocumentManager - getModel file: /home/idan/dev/cnc/doc/cnc_controller.dsl
18:18:24.520 [ForkJoinPool.commonPool-worker-1] DEBUG d.s.c.ls.model.C4DocumentManager - onStartContext: cnc_controller.dsl at linenumber 21, contextId: 3099133, contextName ContainerDslContext
18:18:24.520 [ForkJoinPool.commonPool-worker-1] DEBUG d.s.c.ls.model.C4DocumentManager - getModel file: /home/idan/dev/cnc/doc/cnc_controller.dsl
18:18:24.521 [ForkJoinPool.commonPool-worker-1] DEBUG d.s.c.ls.model.C4DocumentManager - onParsedModelElement identifier: engine, modelId: 9 at linenumber: cnc_controller.dsl, 22
18:18:24.522 [ForkJoinPool.commonPool-worker-1] DEBUG d.s.c.ls.model.C4DocumentManager - getModel file: /home/idan/dev/cnc/doc/cnc_controller.dsl
18:18:24.522 [ForkJoinPool.commonPool-worker-1] DEBUG d.s.c.ls.model.C4DocumentManager - onStartContext: cnc_controller.dsl at linenumber 22, contextId: 1616036574, contextName ComponentDslContext
18:18:24.522 [ForkJoinPool.commonPool-worker-1] DEBUG d.s.c.ls.model.C4DocumentManager - getModel file: /home/idan/dev/cnc/doc/cnc_controller.dsl
18:18:24.522 [ForkJoinPool.commonPool-worker-1] DEBUG d.s.c.ls.model.C4DocumentManager - onEndContext: cnc_controller.dsl at linenumber 24, contextId: 1616036574, contextName ComponentDslContext
18:18:24.522 [ForkJoinPool.commonPool-worker-1] DEBUG d.s.c.ls.model.C4DocumentManager - getModel file: /home/idan/dev/cnc/doc/cnc_controller.dsl
18:18:24.523 [ForkJoinPool.commonPool-worker-1] DEBUG d.s.c.ls.model.C4DocumentManager - onParsedModelElement identifier: factory, modelId: 10 at linenumber: cnc_controller.dsl, 26
18:18:24.523 [ForkJoinPool.commonPool-worker-1] DEBUG d.s.c.ls.model.C4DocumentManager - getModel file: /home/idan/dev/cnc/doc/cnc_controller.dsl
18:18:24.523 [ForkJoinPool.commonPool-worker-1] DEBUG d.s.c.ls.model.C4DocumentManager - onStartContext: cnc_controller.dsl at linenumber 26, contextId: 2072443491, contextName ComponentDslContext
18:18:24.523 [ForkJoinPool.commonPool-worker-1] DEBUG d.s.c.ls.model.C4DocumentManager - getModel file: /home/idan/dev/cnc/doc/cnc_controller.dsl
18:18:24.523 [ForkJoinPool.commonPool-worker-1] DEBUG d.s.c.ls.model.C4DocumentManager - onParsedRelationShip 9->10, identifier: null, at linenumber: cnc_controller.dsl, 28
18:18:24.524 [ForkJoinPool.commonPool-worker-1] DEBUG d.s.c.ls.model.C4DocumentManager - getModel file: /home/idan/dev/cnc/doc/cnc_controller.dsl
18:18:24.524 [ForkJoinPool.commonPool-worker-1] DEBUG d.s.c.ls.model.C4DocumentManager - onEndContext: cnc_controller.dsl at linenumber 30, contextId: 2072443491, contextName ComponentDslContext
18:18:24.524 [ForkJoinPool.commonPool-worker-1] DEBUG d.s.c.ls.model.C4DocumentManager - getModel file: /home/idan/dev/cnc/doc/cnc_controller.dsl
18:18:24.524 [ForkJoinPool.commonPool-worker-1] DEBUG d.s.c.ls.model.C4DocumentManager - onParsedModelElement identifier: task, modelId: 12 at linenumber: cnc_controller.dsl, 32
18:18:24.524 [ForkJoinPool.commonPool-worker-1] DEBUG d.s.c.ls.model.C4DocumentManager - getModel file: /home/idan/dev/cnc/doc/cnc_controller.dsl
18:18:24.524 [ForkJoinPool.commonPool-worker-1] DEBUG d.s.c.ls.model.C4DocumentManager - onStartContext: cnc_controller.dsl at linenumber 32, contextId: 1023408770, contextName ComponentDslContext
18:18:24.524 [ForkJoinPool.commonPool-worker-1] DEBUG d.s.c.ls.model.C4DocumentManager - getModel file: /home/idan/dev/cnc/doc/cnc_controller.dsl
18:18:24.525 [ForkJoinPool.commonPool-worker-1] DEBUG d.s.c.ls.model.C4DocumentManager - onParsedRelationShip 9->12, identifier: null, at linenumber: cnc_controller.dsl, 34
18:18:24.525 [ForkJoinPool.commonPool-worker-1] DEBUG d.s.c.ls.model.C4DocumentManager - getModel file: /home/idan/dev/cnc/doc/cnc_controller.dsl
18:18:24.525 [ForkJoinPool.commonPool-worker-1] DEBUG d.s.c.ls.model.C4DocumentManager - onParsedRelationShip 10->12, identifier: null, at linenumber: cnc_controller.dsl, 35
18:18:24.525 [ForkJoinPool.commonPool-worker-1] DEBUG d.s.c.ls.model.C4DocumentManager - getModel file: /home/idan/dev/cnc/doc/cnc_controller.dsl
18:18:24.525 [ForkJoinPool.commonPool-worker-1] DEBUG d.s.c.ls.model.C4DocumentManager - onEndContext: cnc_controller.dsl at linenumber 37, contextId: 1023408770, contextName ComponentDslContext
18:18:24.525 [ForkJoinPool.commonPool-worker-1] DEBUG d.s.c.ls.model.C4DocumentManager - getModel file: /home/idan/dev/cnc/doc/cnc_controller.dsl
18:18:24.526 [ForkJoinPool.commonPool-worker-1] DEBUG d.s.c.ls.model.C4DocumentManager - onParsedModelElement identifier: data, modelId: 15 at linenumber: cnc_controller.dsl, 39
18:18:24.526 [ForkJoinPool.commonPool-worker-1] DEBUG d.s.c.ls.model.C4DocumentManager - getModel file: /home/idan/dev/cnc/doc/cnc_controller.dsl
18:18:24.526 [ForkJoinPool.commonPool-worker-1] DEBUG d.s.c.ls.model.C4DocumentManager - onStartContext: cnc_controller.dsl at linenumber 39, contextId: 1443202553, contextName ComponentDslContext
18:18:24.526 [ForkJoinPool.commonPool-worker-1] DEBUG d.s.c.ls.model.C4DocumentManager - getModel file: /home/idan/dev/cnc/doc/cnc_controller.dsl
18:18:24.526 [ForkJoinPool.commonPool-worker-1] DEBUG d.s.c.ls.model.C4DocumentManager - onParsedRelationShip 9->15, identifier: null, at linenumber: cnc_controller.dsl, 41
18:18:24.526 [ForkJoinPool.commonPool-worker-1] DEBUG d.s.c.ls.model.C4DocumentManager - getModel file: /home/idan/dev/cnc/doc/cnc_controller.dsl
18:18:24.527 [ForkJoinPool.commonPool-worker-1] DEBUG d.s.c.ls.model.C4DocumentManager - onParsedRelationShip 10->15, identifier: null, at linenumber: cnc_controller.dsl, 43
18:18:24.527 [ForkJoinPool.commonPool-worker-1] DEBUG d.s.c.ls.model.C4DocumentManager - getModel file: /home/idan/dev/cnc/doc/cnc_controller.dsl
18:18:24.527 [ForkJoinPool.commonPool-worker-1] DEBUG d.s.c.ls.model.C4DocumentManager - onEndContext: cnc_controller.dsl at linenumber 44, contextId: 1443202553, contextName ComponentDslContext
18:18:24.527 [ForkJoinPool.commonPool-worker-1] DEBUG d.s.c.ls.model.C4DocumentManager - getModel file: /home/idan/dev/cnc/doc/cnc_controller.dsl
18:18:24.527 [ForkJoinPool.commonPool-worker-1] DEBUG d.s.c.ls.model.C4DocumentManager - onParsedModelElement identifier: reporter, modelId: 18 at linenumber: cnc_controller.dsl, 46
18:18:24.527 [ForkJoinPool.commonPool-worker-1] DEBUG d.s.c.ls.model.C4DocumentManager - getModel file: /home/idan/dev/cnc/doc/cnc_controller.dsl
18:18:24.527 [ForkJoinPool.commonPool-worker-1] DEBUG d.s.c.ls.model.C4DocumentManager - onStartContext: cnc_controller.dsl at linenumber 46, contextId: 1656642330, contextName ComponentDslContext
18:18:24.527 [ForkJoinPool.commonPool-worker-1] DEBUG d.s.c.ls.model.C4DocumentManager - getModel file: /home/idan/dev/cnc/doc/cnc_controller.dsl
18:18:24.528 [ForkJoinPool.commonPool-worker-1] DEBUG d.s.c.ls.model.C4DocumentManager - onParsedRelationShip 9->18, identifier: null, at linenumber: cnc_controller.dsl, 48
18:18:24.528 [ForkJoinPool.commonPool-worker-1] DEBUG d.s.c.ls.model.C4DocumentManager - getModel file: /home/idan/dev/cnc/doc/cnc_controller.dsl
18:18:24.528 [ForkJoinPool.commonPool-worker-1] DEBUG d.s.c.ls.model.C4DocumentManager - onEndContext: cnc_controller.dsl at linenumber 50, contextId: 1656642330, contextName ComponentDslContext
18:18:24.528 [ForkJoinPool.commonPool-worker-1] DEBUG d.s.c.ls.model.C4DocumentManager - getModel file: /home/idan/dev/cnc/doc/cnc_controller.dsl
18:18:24.528 [ForkJoinPool.commonPool-worker-1] DEBUG d.s.c.ls.model.C4DocumentManager - onEndContext: cnc_controller.dsl at linenumber 51, contextId: 3099133, contextName ContainerDslContext
18:18:24.528 [ForkJoinPool.commonPool-worker-1] DEBUG d.s.c.ls.model.C4DocumentManager - getModel file: /home/idan/dev/cnc/doc/cnc_controller.dsl
18:18:24.529 [ForkJoinPool.commonPool-worker-1] DEBUG d.s.c.ls.model.C4DocumentManager - onStartContext: cnc_controller.dsl at linenumber 53, contextId: 1472570621, contextName ContainerDslContext
18:18:24.529 [ForkJoinPool.commonPool-worker-1] DEBUG d.s.c.ls.model.C4DocumentManager - getModel file: /home/idan/dev/cnc/doc/cnc_controller.dsl
18:18:24.529 [ForkJoinPool.commonPool-worker-1] DEBUG d.s.c.ls.model.C4DocumentManager - onParsedModelElement identifier: report_sender, modelId: 20 at linenumber: cnc_controller.dsl, 54
18:18:24.529 [ForkJoinPool.commonPool-worker-1] DEBUG d.s.c.ls.model.C4DocumentManager - getModel file: /home/idan/dev/cnc/doc/cnc_controller.dsl
18:18:24.529 [ForkJoinPool.commonPool-worker-1] DEBUG d.s.c.ls.model.C4DocumentManager - onStartContext: cnc_controller.dsl at linenumber 54, contextId: 776597591, contextName ComponentDslContext
18:18:24.529 [ForkJoinPool.commonPool-worker-1] DEBUG d.s.c.ls.model.C4DocumentManager - getModel file: /home/idan/dev/cnc/doc/cnc_controller.dsl
18:18:24.530 [ForkJoinPool.commonPool-worker-1] DEBUG d.s.c.ls.model.C4DocumentManager - onParsedRelationShip 20->18, identifier: null, at linenumber: cnc_controller.dsl, 56
18:18:24.530 [ForkJoinPool.commonPool-worker-1] DEBUG d.s.c.ls.model.C4DocumentManager - getModel file: /home/idan/dev/cnc/doc/cnc_controller.dsl
18:18:24.530 [ForkJoinPool.commonPool-worker-1] DEBUG d.s.c.ls.model.C4DocumentManager - onEndContext: cnc_controller.dsl at linenumber 58, contextId: 776597591, contextName ComponentDslContext
18:18:24.530 [ForkJoinPool.commonPool-worker-1] DEBUG d.s.c.ls.model.C4DocumentManager - getModel file: /home/idan/dev/cnc/doc/cnc_controller.dsl
18:18:24.530 [ForkJoinPool.commonPool-worker-1] DEBUG d.s.c.ls.model.C4DocumentManager - onParsedModelElement identifier: package_receiver, modelId: 22 at linenumber: cnc_controller.dsl, 60
18:18:24.530 [ForkJoinPool.commonPool-worker-1] DEBUG d.s.c.ls.model.C4DocumentManager - getModel file: /home/idan/dev/cnc/doc/cnc_controller.dsl
18:18:24.530 [ForkJoinPool.commonPool-worker-1] DEBUG d.s.c.ls.model.C4DocumentManager - onStartContext: cnc_controller.dsl at linenumber 60, contextId: 926930527, contextName ComponentDslContext
18:18:24.530 [ForkJoinPool.commonPool-worker-1] DEBUG d.s.c.ls.model.C4DocumentManager - getModel file: /home/idan/dev/cnc/doc/cnc_controller.dsl
18:18:24.531 [ForkJoinPool.commonPool-worker-1] DEBUG d.s.c.ls.model.C4DocumentManager - onEndContext: cnc_controller.dsl at linenumber 63, contextId: 926930527, contextName ComponentDslContext
18:18:24.531 [ForkJoinPool.commonPool-worker-1] DEBUG d.s.c.ls.model.C4DocumentManager - getModel file: /home/idan/dev/cnc/doc/cnc_controller.dsl
18:18:24.531 [ForkJoinPool.commonPool-worker-1] DEBUG d.s.c.ls.model.C4DocumentManager - onParsedModelElement identifier: data_parser, modelId: 23 at linenumber: cnc_controller.dsl, 65
18:18:24.531 [ForkJoinPool.commonPool-worker-1] DEBUG d.s.c.ls.model.C4DocumentManager - getModel file: /home/idan/dev/cnc/doc/cnc_controller.dsl
18:18:24.531 [ForkJoinPool.commonPool-worker-1] DEBUG d.s.c.ls.model.C4DocumentManager - onStartContext: cnc_controller.dsl at linenumber 65, contextId: 699755553, contextName ComponentDslContext
18:18:24.531 [ForkJoinPool.commonPool-worker-1] DEBUG d.s.c.ls.model.C4DocumentManager - getModel file: /home/idan/dev/cnc/doc/cnc_controller.dsl
18:18:24.532 [ForkJoinPool.commonPool-worker-1] DEBUG d.s.c.ls.model.C4DocumentManager - onParsedRelationShip 23->15, identifier: null, at linenumber: cnc_controller.dsl, 67
18:18:24.532 [ForkJoinPool.commonPool-worker-1] DEBUG d.s.c.ls.model.C4DocumentManager - getModel file: /home/idan/dev/cnc/doc/cnc_controller.dsl
18:18:24.532 [ForkJoinPool.commonPool-worker-1] DEBUG d.s.c.ls.model.C4DocumentManager - onEndContext: cnc_controller.dsl at linenumber 69, contextId: 699755553, contextName ComponentDslContext
18:18:24.532 [ForkJoinPool.commonPool-worker-1] DEBUG d.s.c.ls.model.C4DocumentManager - getModel file: /home/idan/dev/cnc/doc/cnc_controller.dsl
18:18:24.532 [ForkJoinPool.commonPool-worker-1] DEBUG d.s.c.ls.model.C4DocumentManager - onParsedModelElement identifier: data_dispatcher, modelId: 25 at linenumber: cnc_controller.dsl, 71
18:18:24.532 [ForkJoinPool.commonPool-worker-1] DEBUG d.s.c.ls.model.C4DocumentManager - getModel file: /home/idan/dev/cnc/doc/cnc_controller.dsl
18:18:24.532 [ForkJoinPool.commonPool-worker-1] DEBUG d.s.c.ls.model.C4DocumentManager - onStartContext: cnc_controller.dsl at linenumber 71, contextId: 1551649833, contextName ComponentDslContext
18:18:24.532 [ForkJoinPool.commonPool-worker-1] DEBUG d.s.c.ls.model.C4DocumentManager - getModel file: /home/idan/dev/cnc/doc/cnc_controller.dsl
18:18:24.533 [ForkJoinPool.commonPool-worker-1] DEBUG d.s.c.ls.model.C4DocumentManager - onParsedRelationShip 25->22, identifier: null, at linenumber: cnc_controller.dsl, 73
18:18:24.533 [ForkJoinPool.commonPool-worker-1] DEBUG d.s.c.ls.model.C4DocumentManager - getModel file: /home/idan/dev/cnc/doc/cnc_controller.dsl
18:18:24.533 [ForkJoinPool.commonPool-worker-1] DEBUG d.s.c.ls.model.C4DocumentManager - onParsedRelationShip 25->23, identifier: null, at linenumber: cnc_controller.dsl, 74
18:18:24.533 [ForkJoinPool.commonPool-worker-1] DEBUG d.s.c.ls.model.C4DocumentManager - getModel file: /home/idan/dev/cnc/doc/cnc_controller.dsl
18:18:24.533 [ForkJoinPool.commonPool-worker-1] DEBUG d.s.c.ls.model.C4DocumentManager - onParsedRelationShip 25->9, identifier: null, at linenumber: cnc_controller.dsl, 75
18:18:24.533 [ForkJoinPool.commonPool-worker-1] DEBUG d.s.c.ls.model.C4DocumentManager - getModel file: /home/idan/dev/cnc/doc/cnc_controller.dsl
18:18:24.534 [ForkJoinPool.commonPool-worker-1] DEBUG d.s.c.ls.model.C4DocumentManager - onEndContext: cnc_controller.dsl at linenumber 77, contextId: 1551649833, contextName ComponentDslContext
18:18:24.534 [ForkJoinPool.commonPool-worker-1] DEBUG d.s.c.ls.model.C4DocumentManager - getModel file: /home/idan/dev/cnc/doc/cnc_controller.dsl
18:18:24.534 [ForkJoinPool.commonPool-worker-1] DEBUG d.s.c.ls.model.C4DocumentManager - onEndContext: cnc_controller.dsl at linenumber 78, contextId: 1472570621, contextName ContainerDslContext
18:18:24.534 [ForkJoinPool.commonPool-worker-1] DEBUG d.s.c.ls.model.C4DocumentManager - getModel file: /home/idan/dev/cnc/doc/cnc_controller.dsl
18:18:24.534 [ForkJoinPool.commonPool-worker-1] DEBUG d.s.c.ls.model.C4DocumentManager - onStartContext: cnc_controller.dsl at linenumber 80, contextId: 215167259, contextName ContainerDslContext
18:18:24.534 [ForkJoinPool.commonPool-worker-1] DEBUG d.s.c.ls.model.C4DocumentManager - getModel file: /home/idan/dev/cnc/doc/cnc_controller.dsl
18:18:24.535 [ForkJoinPool.commonPool-worker-1] DEBUG d.s.c.ls.model.C4DocumentManager - onParsedModelElement identifier: task_factory, modelId: 29 at linenumber: cnc_controller.dsl, 81
18:18:24.535 [ForkJoinPool.commonPool-worker-1] DEBUG d.s.c.ls.model.C4DocumentManager - getModel file: /home/idan/dev/cnc/doc/cnc_controller.dsl
18:18:24.535 [ForkJoinPool.commonPool-worker-1] DEBUG d.s.c.ls.model.C4DocumentManager - onStartContext: cnc_controller.dsl at linenumber 81, contextId: 1091197771, contextName ComponentDslContext
18:18:24.535 [ForkJoinPool.commonPool-worker-1] DEBUG d.s.c.ls.model.C4DocumentManager - getModel file: /home/idan/dev/cnc/doc/cnc_controller.dsl
18:18:24.535 [ForkJoinPool.commonPool-worker-1] DEBUG d.s.c.ls.model.C4DocumentManager - onParsedRelationShip 29->10, identifier: null, at linenumber: cnc_controller.dsl, 83
18:18:24.535 [ForkJoinPool.commonPool-worker-1] DEBUG d.s.c.ls.model.C4DocumentManager - getModel file: /home/idan/dev/cnc/doc/cnc_controller.dsl
18:18:24.536 [ForkJoinPool.commonPool-worker-1] DEBUG d.s.c.ls.model.C4DocumentManager - onParsedRelationShip 29->15, identifier: null, at linenumber: cnc_controller.dsl, 84
18:18:24.536 [ForkJoinPool.commonPool-worker-1] DEBUG d.s.c.ls.model.C4DocumentManager - getModel file: /home/idan/dev/cnc/doc/cnc_controller.dsl
18:18:24.536 [ForkJoinPool.commonPool-worker-1] DEBUG d.s.c.ls.model.C4DocumentManager - onEndContext: cnc_controller.dsl at linenumber 86, contextId: 1091197771, contextName ComponentDslContext
18:18:24.536 [ForkJoinPool.commonPool-worker-1] DEBUG d.s.c.ls.model.C4DocumentManager - getModel file: /home/idan/dev/cnc/doc/cnc_controller.dsl
18:18:24.536 [ForkJoinPool.commonPool-worker-1] DEBUG d.s.c.ls.model.C4DocumentManager - onEndContext: cnc_controller.dsl at linenumber 87, contextId: 215167259, contextName ContainerDslContext
18:18:24.536 [ForkJoinPool.commonPool-worker-1] DEBUG d.s.c.ls.model.C4DocumentManager - getModel file: /home/idan/dev/cnc/doc/cnc_controller.dsl
18:18:24.537 [ForkJoinPool.commonPool-worker-1] DEBUG d.s.c.ls.model.C4DocumentManager - onStartContext: cnc_controller.dsl at linenumber 89, contextId: 471087000, contextName ContainerDslContext
18:18:24.537 [ForkJoinPool.commonPool-worker-1] DEBUG d.s.c.ls.model.C4DocumentManager - getModel file: /home/idan/dev/cnc/doc/cnc_controller.dsl
18:18:24.537 [ForkJoinPool.commonPool-worker-1] DEBUG d.s.c.ls.model.C4DocumentManager - onParsedModelElement identifier: gpio_inventory, modelId: 32 at linenumber: cnc_controller.dsl, 90
18:18:24.537 [ForkJoinPool.commonPool-worker-1] DEBUG d.s.c.ls.model.C4DocumentManager - getModel file: /home/idan/dev/cnc/doc/cnc_controller.dsl
18:18:24.537 [ForkJoinPool.commonPool-worker-1] DEBUG d.s.c.ls.model.C4DocumentManager - onStartContext: cnc_controller.dsl at linenumber 90, contextId: 750641434, contextName ComponentDslContext
18:18:24.537 [ForkJoinPool.commonPool-worker-1] DEBUG d.s.c.ls.model.C4DocumentManager - getModel file: /home/idan/dev/cnc/doc/cnc_controller.dsl
18:18:24.537 [ForkJoinPool.commonPool-worker-1] DEBUG d.s.c.ls.model.C4DocumentManager - onEndContext: cnc_controller.dsl at linenumber 93, contextId: 750641434, contextName ComponentDslContext
18:18:24.538 [ForkJoinPool.commonPool-worker-1] DEBUG d.s.c.ls.model.C4DocumentManager - getModel file: /home/idan/dev/cnc/doc/cnc_controller.dsl
18:18:24.538 [ForkJoinPool.commonPool-worker-1] DEBUG d.s.c.ls.model.C4DocumentManager - onParsedModelElement identifier: timer_inventory, modelId: 33 at linenumber: cnc_controller.dsl, 95
18:18:24.538 [ForkJoinPool.commonPool-worker-1] DEBUG d.s.c.ls.model.C4DocumentManager - getModel file: /home/idan/dev/cnc/doc/cnc_controller.dsl
18:18:24.538 [ForkJoinPool.commonPool-worker-1] DEBUG d.s.c.ls.model.C4DocumentManager - onStartContext: cnc_controller.dsl at linenumber 95, contextId: 1376357906, contextName ComponentDslContext
18:18:24.538 [ForkJoinPool.commonPool-worker-1] DEBUG d.s.c.ls.model.C4DocumentManager - getModel file: /home/idan/dev/cnc/doc/cnc_controller.dsl
18:18:24.538 [ForkJoinPool.commonPool-worker-1] DEBUG d.s.c.ls.model.C4DocumentManager - onEndContext: cnc_controller.dsl at linenumber 98, contextId: 1376357906, contextName ComponentDslContext
18:18:24.538 [ForkJoinPool.commonPool-worker-1] DEBUG d.s.c.ls.model.C4DocumentManager - getModel file: /home/idan/dev/cnc/doc/cnc_controller.dsl
18:18:24.539 [ForkJoinPool.commonPool-worker-1] DEBUG d.s.c.ls.model.C4DocumentManager - onParsedModelElement identifier: uart_inventory, modelId: 34 at linenumber: cnc_controller.dsl, 100
18:18:24.539 [ForkJoinPool.commonPool-worker-1] DEBUG d.s.c.ls.model.C4DocumentManager - getModel file: /home/idan/dev/cnc/doc/cnc_controller.dsl
18:18:24.539 [ForkJoinPool.commonPool-worker-1] DEBUG d.s.c.ls.model.C4DocumentManager - onStartContext: cnc_controller.dsl at linenumber 100, contextId: 564270615, contextName ComponentDslContext
18:18:24.539 [ForkJoinPool.commonPool-worker-1] DEBUG d.s.c.ls.model.C4DocumentManager - getModel file: /home/idan/dev/cnc/doc/cnc_controller.dsl
18:18:24.539 [ForkJoinPool.commonPool-worker-1] DEBUG d.s.c.ls.model.C4DocumentManager - onEndContext: cnc_controller.dsl at linenumber 103, contextId: 564270615, contextName ComponentDslContext
18:18:24.539 [ForkJoinPool.commonPool-worker-1] DEBUG d.s.c.ls.model.C4DocumentManager - getModel file: /home/idan/dev/cnc/doc/cnc_controller.dsl
18:18:24.540 [ForkJoinPool.commonPool-worker-1] DEBUG d.s.c.ls.model.C4DocumentManager - onParsedModelElement identifier: gpio, modelId: 35 at linenumber: cnc_controller.dsl, 105
18:18:24.540 [ForkJoinPool.commonPool-worker-1] DEBUG d.s.c.ls.model.C4DocumentManager - getModel file: /home/idan/dev/cnc/doc/cnc_controller.dsl
18:18:24.540 [ForkJoinPool.commonPool-worker-1] DEBUG d.s.c.ls.model.C4DocumentManager - onStartContext: cnc_controller.dsl at linenumber 105, contextId: 917779607, contextName ComponentDslContext
18:18:24.540 [ForkJoinPool.commonPool-worker-1] DEBUG d.s.c.ls.model.C4DocumentManager - getModel file: /home/idan/dev/cnc/doc/cnc_controller.dsl
18:18:24.540 [ForkJoinPool.commonPool-worker-1] DEBUG d.s.c.ls.model.C4DocumentManager - onParsedRelationShip 32->35, identifier: null, at linenumber: cnc_controller.dsl, 106
18:18:24.540 [ForkJoinPool.commonPool-worker-1] DEBUG d.s.c.ls.model.C4DocumentManager - getModel file: /home/idan/dev/cnc/doc/cnc_controller.dsl
18:18:24.540 [ForkJoinPool.commonPool-worker-1] DEBUG d.s.c.ls.model.C4DocumentManager - onEndContext: cnc_controller.dsl at linenumber 108, contextId: 917779607, contextName ComponentDslContext
18:18:24.541 [ForkJoinPool.commonPool-worker-1] DEBUG d.s.c.ls.model.C4DocumentManager - getModel file: /home/idan/dev/cnc/doc/cnc_controller.dsl
18:18:24.541 [ForkJoinPool.commonPool-worker-1] DEBUG d.s.c.ls.model.C4DocumentManager - onParsedModelElement identifier: timer, modelId: 37 at linenumber: cnc_controller.dsl, 110
18:18:24.541 [ForkJoinPool.commonPool-worker-1] DEBUG d.s.c.ls.model.C4DocumentManager - getModel file: /home/idan/dev/cnc/doc/cnc_controller.dsl
18:18:24.541 [ForkJoinPool.commonPool-worker-1] DEBUG d.s.c.ls.model.C4DocumentManager - onStartContext: cnc_controller.dsl at linenumber 110, contextId: 1931688027, contextName ComponentDslContext
18:18:24.541 [ForkJoinPool.commonPool-worker-1] DEBUG d.s.c.ls.model.C4DocumentManager - getModel file: /home/idan/dev/cnc/doc/cnc_controller.dsl
18:18:24.541 [ForkJoinPool.commonPool-worker-1] DEBUG d.s.c.ls.model.C4DocumentManager - onParsedRelationShip 33->37, identifier: null, at linenumber: cnc_controller.dsl, 111
18:18:24.541 [ForkJoinPool.commonPool-worker-1] DEBUG d.s.c.ls.model.C4DocumentManager - getModel file: /home/idan/dev/cnc/doc/cnc_controller.dsl
18:18:24.541 [ForkJoinPool.commonPool-worker-1] DEBUG d.s.c.ls.model.C4DocumentManager - onEndContext: cnc_controller.dsl at linenumber 113, contextId: 1931688027, contextName ComponentDslContext
18:18:24.542 [ForkJoinPool.commonPool-worker-1] DEBUG d.s.c.ls.model.C4DocumentManager - getModel file: /home/idan/dev/cnc/doc/cnc_controller.dsl
18:18:24.542 [ForkJoinPool.commonPool-worker-1] DEBUG d.s.c.ls.model.C4DocumentManager - onParsedModelElement identifier: uart, modelId: 39 at linenumber: cnc_controller.dsl, 115
18:18:24.542 [ForkJoinPool.commonPool-worker-1] DEBUG d.s.c.ls.model.C4DocumentManager - getModel file: /home/idan/dev/cnc/doc/cnc_controller.dsl
18:18:24.542 [ForkJoinPool.commonPool-worker-1] DEBUG d.s.c.ls.model.C4DocumentManager - onStartContext: cnc_controller.dsl at linenumber 115, contextId: 1220423063, contextName ComponentDslContext
18:18:24.542 [ForkJoinPool.commonPool-worker-1] DEBUG d.s.c.ls.model.C4DocumentManager - getModel file: /home/idan/dev/cnc/doc/cnc_controller.dsl
18:18:24.542 [ForkJoinPool.commonPool-worker-1] DEBUG d.s.c.ls.model.C4DocumentManager - onParsedRelationShip 34->39, identifier: null, at linenumber: cnc_controller.dsl, 116
18:18:24.542 [ForkJoinPool.commonPool-worker-1] DEBUG d.s.c.ls.model.C4DocumentManager - getModel file: /home/idan/dev/cnc/doc/cnc_controller.dsl
18:18:24.543 [ForkJoinPool.commonPool-worker-1] DEBUG d.s.c.ls.model.C4DocumentManager - onEndContext: cnc_controller.dsl at linenumber 118, contextId: 1220423063, contextName ComponentDslContext
18:18:24.543 [ForkJoinPool.commonPool-worker-1] DEBUG d.s.c.ls.model.C4DocumentManager - getModel file: /home/idan/dev/cnc/doc/cnc_controller.dsl
18:18:24.543 [ForkJoinPool.commonPool-worker-1] DEBUG d.s.c.ls.model.C4DocumentManager - onParsedModelElement identifier: mcu_control_facade, modelId: 41 at linenumber: cnc_controller.dsl, 120
18:18:24.543 [ForkJoinPool.commonPool-worker-1] DEBUG d.s.c.ls.model.C4DocumentManager - getModel file: /home/idan/dev/cnc/doc/cnc_controller.dsl
18:18:24.543 [ForkJoinPool.commonPool-worker-1] DEBUG d.s.c.ls.model.C4DocumentManager - onStartContext: cnc_controller.dsl at linenumber 120, contextId: 2091710577, contextName ComponentDslContext
18:18:24.543 [ForkJoinPool.commonPool-worker-1] DEBUG d.s.c.ls.model.C4DocumentManager - getModel file: /home/idan/dev/cnc/doc/cnc_controller.dsl
18:18:24.543 [ForkJoinPool.commonPool-worker-1] DEBUG d.s.c.ls.model.C4DocumentManager - onParsedRelationShip 41->32, identifier: null, at linenumber: cnc_controller.dsl, 121
18:18:24.543 [ForkJoinPool.commonPool-worker-1] DEBUG d.s.c.ls.model.C4DocumentManager - getModel file: /home/idan/dev/cnc/doc/cnc_controller.dsl
18:18:24.544 [ForkJoinPool.commonPool-worker-1] DEBUG d.s.c.ls.model.C4DocumentManager - onParsedRelationShip 41->33, identifier: null, at linenumber: cnc_controller.dsl, 122
18:18:24.544 [ForkJoinPool.commonPool-worker-1] DEBUG d.s.c.ls.model.C4DocumentManager - getModel file: /home/idan/dev/cnc/doc/cnc_controller.dsl
18:18:24.544 [ForkJoinPool.commonPool-worker-1] DEBUG d.s.c.ls.model.C4DocumentManager - onParsedRelationShip 41->34, identifier: null, at linenumber: cnc_controller.dsl, 123
18:18:24.544 [ForkJoinPool.commonPool-worker-1] DEBUG d.s.c.ls.model.C4DocumentManager - getModel file: /home/idan/dev/cnc/doc/cnc_controller.dsl
18:18:24.544 [ForkJoinPool.commonPool-worker-1] DEBUG d.s.c.ls.model.C4DocumentManager - onParsedRelationShip 29->41, identifier: null, at linenumber: cnc_controller.dsl, 124
18:18:24.544 [ForkJoinPool.commonPool-worker-1] DEBUG d.s.c.ls.model.C4DocumentManager - getModel file: /home/idan/dev/cnc/doc/cnc_controller.dsl
18:18:24.544 [ForkJoinPool.commonPool-worker-1] DEBUG d.s.c.ls.model.C4DocumentManager - onParsedRelationShip 20->41, identifier: null, at linenumber: cnc_controller.dsl, 125
18:18:24.544 [ForkJoinPool.commonPool-worker-1] DEBUG d.s.c.ls.model.C4DocumentManager - getModel file: /home/idan/dev/cnc/doc/cnc_controller.dsl
18:18:24.545 [ForkJoinPool.commonPool-worker-1] DEBUG d.s.c.ls.model.C4DocumentManager - onParsedRelationShip 22->41, identifier: null, at linenumber: cnc_controller.dsl, 126
18:18:24.545 [ForkJoinPool.commonPool-worker-1] DEBUG d.s.c.ls.model.C4DocumentManager - getModel file: /home/idan/dev/cnc/doc/cnc_controller.dsl
18:18:24.545 [ForkJoinPool.commonPool-worker-1] DEBUG d.s.c.ls.model.C4DocumentManager - onEndContext: cnc_controller.dsl at linenumber 128, contextId: 2091710577, contextName ComponentDslContext
18:18:24.545 [ForkJoinPool.commonPool-worker-1] DEBUG d.s.c.ls.model.C4DocumentManager - getModel file: /home/idan/dev/cnc/doc/cnc_controller.dsl
18:18:24.545 [ForkJoinPool.commonPool-worker-1] DEBUG d.s.c.ls.model.C4DocumentManager - onEndContext: cnc_controller.dsl at linenumber 130, contextId: 471087000, contextName ContainerDslContext
18:18:24.545 [ForkJoinPool.commonPool-worker-1] DEBUG d.s.c.ls.model.C4DocumentManager - getModel file: /home/idan/dev/cnc/doc/cnc_controller.dsl
18:18:24.545 [ForkJoinPool.commonPool-worker-1] DEBUG d.s.c.ls.model.C4DocumentManager - onEndContext: cnc_controller.dsl at linenumber 131, contextId: 990459106, contextName ContainerDslContext
18:18:24.545 [ForkJoinPool.commonPool-worker-1] DEBUG d.s.c.ls.model.C4DocumentManager - getModel file: /home/idan/dev/cnc/doc/cnc_controller.dsl
18:18:24.545 [ForkJoinPool.commonPool-worker-1] DEBUG d.s.c.ls.model.C4DocumentManager - onEndContext: cnc_controller.dsl at linenumber 132, contextId: 909340948, contextName SoftwareSystemDslContext
18:18:24.545 [ForkJoinPool.commonPool-worker-1] DEBUG d.s.c.ls.model.C4DocumentManager - getModel file: /home/idan/dev/cnc/doc/cnc_controller.dsl
18:18:24.546 [ForkJoinPool.commonPool-worker-1] DEBUG d.s.c.ls.model.C4DocumentManager - onStartContext: cnc_controller.dsl at linenumber 134, contextId: 1547873499, contextName ModelDslContext
18:18:24.546 [ForkJoinPool.commonPool-worker-1] DEBUG d.s.c.ls.model.C4DocumentManager - getModel file: /home/idan/dev/cnc/doc/cnc_controller.dsl
18:18:24.547 [ForkJoinPool.commonPool-worker-1] DEBUG d.s.c.ls.model.C4DocumentManager - onParsedModelElement identifier: mcu_timer, modelId: 48 at linenumber: cnc_controller.dsl, 135
18:18:24.547 [ForkJoinPool.commonPool-worker-1] DEBUG d.s.c.ls.model.C4DocumentManager - getModel file: /home/idan/dev/cnc/doc/cnc_controller.dsl
18:18:24.547 [ForkJoinPool.commonPool-worker-1] DEBUG d.s.c.ls.model.C4DocumentManager - onStartContext: cnc_controller.dsl at linenumber 135, contextId: 1660003238, contextName CustomElementDslContext
18:18:24.547 [ForkJoinPool.commonPool-worker-1] DEBUG d.s.c.ls.model.C4DocumentManager - getModel file: /home/idan/dev/cnc/doc/cnc_controller.dsl
18:18:24.547 [ForkJoinPool.commonPool-worker-1] DEBUG d.s.c.ls.model.C4DocumentManager - onParsedRelationShip 37->48, identifier: null, at linenumber: cnc_controller.dsl, 136
18:18:24.547 [ForkJoinPool.commonPool-worker-1] DEBUG d.s.c.ls.model.C4DocumentManager - getModel file: /home/idan/dev/cnc/doc/cnc_controller.dsl
18:18:24.547 [ForkJoinPool.commonPool-worker-1] DEBUG d.s.c.ls.model.C4DocumentManager - onEndContext: cnc_controller.dsl at linenumber 138, contextId: 1660003238, contextName CustomElementDslContext
18:18:24.547 [ForkJoinPool.commonPool-worker-1] DEBUG d.s.c.ls.model.C4DocumentManager - getModel file: /home/idan/dev/cnc/doc/cnc_controller.dsl
18:18:24.548 [ForkJoinPool.commonPool-worker-1] DEBUG d.s.c.ls.model.C4DocumentManager - onParsedModelElement identifier: mcu_gpio, modelId: 52 at linenumber: cnc_controller.dsl, 140
18:18:24.548 [ForkJoinPool.commonPool-worker-1] DEBUG d.s.c.ls.model.C4DocumentManager - getModel file: /home/idan/dev/cnc/doc/cnc_controller.dsl
18:18:24.548 [ForkJoinPool.commonPool-worker-1] DEBUG d.s.c.ls.model.C4DocumentManager - onStartContext: cnc_controller.dsl at linenumber 140, contextId: 720555917, contextName CustomElementDslContext
18:18:24.548 [ForkJoinPool.commonPool-worker-1] DEBUG d.s.c.ls.model.C4DocumentManager - getModel file: /home/idan/dev/cnc/doc/cnc_controller.dsl
18:18:24.548 [ForkJoinPool.commonPool-worker-1] DEBUG d.s.c.ls.model.C4DocumentManager - onParsedRelationShip 35->52, identifier: null, at linenumber: cnc_controller.dsl, 141
18:18:24.548 [ForkJoinPool.commonPool-worker-1] DEBUG d.s.c.ls.model.C4DocumentManager - getModel file: /home/idan/dev/cnc/doc/cnc_controller.dsl
18:18:24.548 [ForkJoinPool.commonPool-worker-1] DEBUG d.s.c.ls.model.C4DocumentManager - onEndContext: cnc_controller.dsl at linenumber 143, contextId: 720555917, contextName CustomElementDslContext
18:18:24.548 [ForkJoinPool.commonPool-worker-1] DEBUG d.s.c.ls.model.C4DocumentManager - getModel file: /home/idan/dev/cnc/doc/cnc_controller.dsl
18:18:24.549 [ForkJoinPool.commonPool-worker-1] DEBUG d.s.c.ls.model.C4DocumentManager - onParsedModelElement identifier: mcu_uart, modelId: 56 at linenumber: cnc_controller.dsl, 145
18:18:24.549 [ForkJoinPool.commonPool-worker-1] DEBUG d.s.c.ls.model.C4DocumentManager - getModel file: /home/idan/dev/cnc/doc/cnc_controller.dsl
18:18:24.549 [ForkJoinPool.commonPool-worker-1] DEBUG d.s.c.ls.model.C4DocumentManager - onStartContext: cnc_controller.dsl at linenumber 145, contextId: 678596971, contextName CustomElementDslContext
18:18:24.549 [ForkJoinPool.commonPool-worker-1] DEBUG d.s.c.ls.model.C4DocumentManager - getModel file: /home/idan/dev/cnc/doc/cnc_controller.dsl
18:18:24.549 [ForkJoinPool.commonPool-worker-1] DEBUG d.s.c.ls.model.C4DocumentManager - onParsedRelationShip 3->56, identifier: null, at linenumber: cnc_controller.dsl, 146
18:18:24.549 [ForkJoinPool.commonPool-worker-1] DEBUG d.s.c.ls.model.C4DocumentManager - getModel file: /home/idan/dev/cnc/doc/cnc_controller.dsl
18:18:24.549 [ForkJoinPool.commonPool-worker-1] DEBUG d.s.c.ls.model.C4DocumentManager - onParsedRelationShip 56->3, identifier: null, at linenumber: cnc_controller.dsl, 147
18:18:24.549 [ForkJoinPool.commonPool-worker-1] DEBUG d.s.c.ls.model.C4DocumentManager - getModel file: /home/idan/dev/cnc/doc/cnc_controller.dsl
18:18:24.550 [ForkJoinPool.commonPool-worker-1] DEBUG d.s.c.ls.model.C4DocumentManager - onParsedRelationShip 56->39, identifier: null, at linenumber: cnc_controller.dsl, 148
18:18:24.550 [ForkJoinPool.commonPool-worker-1] DEBUG d.s.c.ls.model.C4DocumentManager - getModel file: /home/idan/dev/cnc/doc/cnc_controller.dsl
18:18:24.550 [ForkJoinPool.commonPool-worker-1] DEBUG d.s.c.ls.model.C4DocumentManager - onParsedRelationShip 39->56, identifier: null, at linenumber: cnc_controller.dsl, 149
18:18:24.550 [ForkJoinPool.commonPool-worker-1] DEBUG d.s.c.ls.model.C4DocumentManager - getModel file: /home/idan/dev/cnc/doc/cnc_controller.dsl
18:18:24.550 [ForkJoinPool.commonPool-worker-1] DEBUG d.s.c.ls.model.C4DocumentManager - onEndContext: cnc_controller.dsl at linenumber 151, contextId: 678596971, contextName CustomElementDslContext
18:18:24.550 [ForkJoinPool.commonPool-worker-1] DEBUG d.s.c.ls.model.C4DocumentManager - getModel file: /home/idan/dev/cnc/doc/cnc_controller.dsl
18:18:24.550 [ForkJoinPool.commonPool-worker-1] DEBUG d.s.c.ls.model.C4DocumentManager - onEndContext: cnc_controller.dsl at linenumber 152, contextId: 1547873499, contextName ModelDslContext
18:18:24.550 [ForkJoinPool.commonPool-worker-1] DEBUG d.s.c.ls.model.C4DocumentManager - getModel file: /home/idan/dev/cnc/doc/cnc_controller.dsl
18:18:24.550 [ForkJoinPool.commonPool-worker-1] DEBUG d.s.c.ls.model.C4DocumentManager - onEndContext: cnc_controller.dsl at linenumber 153, contextId: 125917802, contextName ModelDslContext
18:18:24.550 [ForkJoinPool.commonPool-worker-1] DEBUG d.s.c.ls.model.C4DocumentManager - getModel file: /home/idan/dev/cnc/doc/cnc_controller.dsl
18:18:24.551 [ForkJoinPool.commonPool-worker-1] DEBUG d.s.c.ls.model.C4DocumentManager - onStartContext: cnc_controller.dsl at linenumber 155, contextId: 934336434, contextName ViewsDslContext
18:18:24.551 [ForkJoinPool.commonPool-worker-1] DEBUG d.s.c.ls.model.C4DocumentManager - getModel file: /home/idan/dev/cnc/doc/cnc_controller.dsl
18:18:24.556 [ForkJoinPool.commonPool-worker-1] DEBUG d.s.c.ls.model.C4DocumentManager - onParsedView View: SystemContext at linenumber cnc_controller.dsl, 156
18:18:24.556 [ForkJoinPool.commonPool-worker-1] DEBUG d.s.c.ls.model.C4DocumentManager - getModel file: /home/idan/dev/cnc/doc/cnc_controller.dsl
18:18:24.556 [ForkJoinPool.commonPool-worker-1] DEBUG d.s.c.ls.model.C4DocumentManager - onStartContext: cnc_controller.dsl at linenumber 156, contextId: 1684343702, contextName SystemContextViewDslContext
18:18:24.556 [ForkJoinPool.commonPool-worker-1] DEBUG d.s.c.ls.model.C4DocumentManager - getModel file: /home/idan/dev/cnc/doc/cnc_controller.dsl
18:18:24.559 [ForkJoinPool.commonPool-worker-1] DEBUG d.s.c.ls.model.C4DocumentManager - onEndContext: cnc_controller.dsl at linenumber 159, contextId: 1684343702, contextName SystemContextViewDslContext
18:18:24.559 [ForkJoinPool.commonPool-worker-1] DEBUG d.s.c.ls.model.C4DocumentManager - getModel file: /home/idan/dev/cnc/doc/cnc_controller.dsl
18:18:24.559 [ForkJoinPool.commonPool-worker-1] DEBUG d.s.c.ls.model.C4DocumentManager - onParsedView View: Containers at linenumber cnc_controller.dsl, 161
18:18:24.560 [ForkJoinPool.commonPool-worker-1] DEBUG d.s.c.ls.model.C4DocumentManager - getModel file: /home/idan/dev/cnc/doc/cnc_controller.dsl
18:18:24.560 [ForkJoinPool.commonPool-worker-1] DEBUG d.s.c.ls.model.C4DocumentManager - onStartContext: cnc_controller.dsl at linenumber 161, contextId: 539294640, contextName ContainerViewDslContext
18:18:24.560 [ForkJoinPool.commonPool-worker-1] DEBUG d.s.c.ls.model.C4DocumentManager - getModel file: /home/idan/dev/cnc/doc/cnc_controller.dsl
18:18:24.561 [ForkJoinPool.commonPool-worker-1] DEBUG d.s.c.ls.model.C4DocumentManager - onEndContext: cnc_controller.dsl at linenumber 164, contextId: 539294640, contextName ContainerViewDslContext
18:18:24.561 [ForkJoinPool.commonPool-worker-1] DEBUG d.s.c.ls.model.C4DocumentManager - getModel file: /home/idan/dev/cnc/doc/cnc_controller.dsl
18:18:24.562 [ForkJoinPool.commonPool-worker-1] DEBUG d.s.c.ls.model.C4DocumentManager - onParsedView View: OnboardServerComponents at linenumber cnc_controller.dsl, 166
18:18:24.562 [ForkJoinPool.commonPool-worker-1] DEBUG d.s.c.ls.model.C4DocumentManager - getModel file: /home/idan/dev/cnc/doc/cnc_controller.dsl
18:18:24.562 [ForkJoinPool.commonPool-worker-1] DEBUG d.s.c.ls.model.C4DocumentManager - onStartContext: cnc_controller.dsl at linenumber 166, contextId: 854359269, contextName ComponentViewDslContext
18:18:24.562 [ForkJoinPool.commonPool-worker-1] DEBUG d.s.c.ls.model.C4DocumentManager - getModel file: /home/idan/dev/cnc/doc/cnc_controller.dsl
18:18:24.568 [ForkJoinPool.commonPool-worker-1] DEBUG d.s.c.ls.model.C4DocumentManager - onEndContext: cnc_controller.dsl at linenumber 171, contextId: 854359269, contextName ComponentViewDslContext
18:18:24.568 [ForkJoinPool.commonPool-worker-1] DEBUG d.s.c.ls.model.C4DocumentManager - getModel file: /home/idan/dev/cnc/doc/cnc_controller.dsl
18:18:24.568 [ForkJoinPool.commonPool-worker-1] DEBUG d.s.c.ls.model.C4DocumentManager - onStartContext: cnc_controller.dsl at linenumber 173, contextId: 1244617187, contextName StylesDslContext
18:18:24.568 [ForkJoinPool.commonPool-worker-1] DEBUG d.s.c.ls.model.C4DocumentManager - getModel file: /home/idan/dev/cnc/doc/cnc_controller.dsl
18:18:24.570 [ForkJoinPool.commonPool-worker-1] DEBUG d.s.c.ls.model.C4DocumentManager - onStartContext: cnc_controller.dsl at linenumber 174, contextId: 1966205783, contextName ElementStyleDslContext
18:18:24.571 [ForkJoinPool.commonPool-worker-1] DEBUG d.s.c.ls.model.C4DocumentManager - getModel file: /home/idan/dev/cnc/doc/cnc_controller.dsl
18:18:24.571 [ForkJoinPool.commonPool-worker-1] DEBUG d.s.c.ls.model.C4DocumentManager - onParsedColor at linenumber cnc_controller.dsl, 175
18:18:24.572 [ForkJoinPool.commonPool-worker-1] DEBUG d.s.c.ls.model.C4DocumentManager - getModel file: /home/idan/dev/cnc/doc/cnc_controller.dsl
18:18:24.572 [ForkJoinPool.commonPool-worker-1] DEBUG d.s.c.ls.model.C4DocumentManager - onParsedColor at linenumber cnc_controller.dsl, 176
18:18:24.572 [ForkJoinPool.commonPool-worker-1] DEBUG d.s.c.ls.model.C4DocumentManager - getModel file: /home/idan/dev/cnc/doc/cnc_controller.dsl
18:18:24.572 [ForkJoinPool.commonPool-worker-1] DEBUG d.s.c.ls.model.C4DocumentManager - onEndContext: cnc_controller.dsl at linenumber 178, contextId: 1966205783, contextName ElementStyleDslContext
18:18:24.572 [ForkJoinPool.commonPool-worker-1] DEBUG d.s.c.ls.model.C4DocumentManager - getModel file: /home/idan/dev/cnc/doc/cnc_controller.dsl
18:18:24.573 [ForkJoinPool.commonPool-worker-1] DEBUG d.s.c.ls.model.C4DocumentManager - onStartContext: cnc_controller.dsl at linenumber 179, contextId: 1312560536, contextName ElementStyleDslContext
18:18:24.573 [ForkJoinPool.commonPool-worker-1] DEBUG d.s.c.ls.model.C4DocumentManager - getModel file: /home/idan/dev/cnc/doc/cnc_controller.dsl
18:18:24.573 [ForkJoinPool.commonPool-worker-1] DEBUG d.s.c.ls.model.C4DocumentManager - onParsedColor at linenumber cnc_controller.dsl, 180
18:18:24.573 [ForkJoinPool.commonPool-worker-1] DEBUG d.s.c.ls.model.C4DocumentManager - getModel file: /home/idan/dev/cnc/doc/cnc_controller.dsl
18:18:24.573 [ForkJoinPool.commonPool-worker-1] DEBUG d.s.c.ls.model.C4DocumentManager - onParsedColor at linenumber cnc_controller.dsl, 181
18:18:24.573 [ForkJoinPool.commonPool-worker-1] DEBUG d.s.c.ls.model.C4DocumentManager - getModel file: /home/idan/dev/cnc/doc/cnc_controller.dsl
18:18:24.573 [ForkJoinPool.commonPool-worker-1] DEBUG d.s.c.ls.model.C4DocumentManager - onEndContext: cnc_controller.dsl at linenumber 183, contextId: 1312560536, contextName ElementStyleDslContext
18:18:24.573 [ForkJoinPool.commonPool-worker-1] DEBUG d.s.c.ls.model.C4DocumentManager - getModel file: /home/idan/dev/cnc/doc/cnc_controller.dsl
18:18:24.573 [ForkJoinPool.commonPool-worker-1] DEBUG d.s.c.ls.model.C4DocumentManager - onStartContext: cnc_controller.dsl at linenumber 184, contextId: 770059405, contextName ElementStyleDslContext
18:18:24.573 [ForkJoinPool.commonPool-worker-1] DEBUG d.s.c.ls.model.C4DocumentManager - getModel file: /home/idan/dev/cnc/doc/cnc_controller.dsl
18:18:24.573 [ForkJoinPool.commonPool-worker-1] DEBUG d.s.c.ls.model.C4DocumentManager - onParsedColor at linenumber cnc_controller.dsl, 185
18:18:24.573 [ForkJoinPool.commonPool-worker-1] DEBUG d.s.c.ls.model.C4DocumentManager - getModel file: /home/idan/dev/cnc/doc/cnc_controller.dsl
18:18:24.573 [ForkJoinPool.commonPool-worker-1] DEBUG d.s.c.ls.model.C4DocumentManager - onParsedColor at linenumber cnc_controller.dsl, 186
18:18:24.573 [ForkJoinPool.commonPool-worker-1] DEBUG d.s.c.ls.model.C4DocumentManager - getModel file: /home/idan/dev/cnc/doc/cnc_controller.dsl
18:18:24.573 [ForkJoinPool.commonPool-worker-1] DEBUG d.s.c.ls.model.C4DocumentManager - onEndContext: cnc_controller.dsl at linenumber 188, contextId: 770059405, contextName ElementStyleDslContext
18:18:24.573 [ForkJoinPool.commonPool-worker-1] DEBUG d.s.c.ls.model.C4DocumentManager - getModel file: /home/idan/dev/cnc/doc/cnc_controller.dsl
18:18:24.573 [ForkJoinPool.commonPool-worker-1] DEBUG d.s.c.ls.model.C4DocumentManager - onStartContext: cnc_controller.dsl at linenumber 189, contextId: 346330784, contextName ElementStyleDslContext
18:18:24.574 [ForkJoinPool.commonPool-worker-1] DEBUG d.s.c.ls.model.C4DocumentManager - getModel file: /home/idan/dev/cnc/doc/cnc_controller.dsl
18:18:24.574 [ForkJoinPool.commonPool-worker-1] DEBUG d.s.c.ls.model.C4DocumentManager - onParsedColor at linenumber cnc_controller.dsl, 190
18:18:24.574 [ForkJoinPool.commonPool-worker-1] DEBUG d.s.c.ls.model.C4DocumentManager - getModel file: /home/idan/dev/cnc/doc/cnc_controller.dsl
18:18:24.574 [ForkJoinPool.commonPool-worker-1] DEBUG d.s.c.ls.model.C4DocumentManager - onParsedColor at linenumber cnc_controller.dsl, 191
18:18:24.574 [ForkJoinPool.commonPool-worker-1] DEBUG d.s.c.ls.model.C4DocumentManager - getModel file: /home/idan/dev/cnc/doc/cnc_controller.dsl
18:18:24.574 [ForkJoinPool.commonPool-worker-1] DEBUG d.s.c.ls.model.C4DocumentManager - onEndContext: cnc_controller.dsl at linenumber 193, contextId: 346330784, contextName ElementStyleDslContext
18:18:24.574 [ForkJoinPool.commonPool-worker-1] DEBUG d.s.c.ls.model.C4DocumentManager - getModel file: /home/idan/dev/cnc/doc/cnc_controller.dsl
18:18:24.574 [ForkJoinPool.commonPool-worker-1] DEBUG d.s.c.ls.model.C4DocumentManager - onStartContext: cnc_controller.dsl at linenumber 194, contextId: 1906594270, contextName ElementStyleDslContext
18:18:24.574 [ForkJoinPool.commonPool-worker-1] DEBUG d.s.c.ls.model.C4DocumentManager - getModel file: /home/idan/dev/cnc/doc/cnc_controller.dsl
18:18:24.574 [ForkJoinPool.commonPool-worker-1] DEBUG d.s.c.ls.model.C4DocumentManager - onParsedColor at linenumber cnc_controller.dsl, 195
18:18:24.574 [ForkJoinPool.commonPool-worker-1] DEBUG d.s.c.ls.model.C4DocumentManager - getModel file: /home/idan/dev/cnc/doc/cnc_controller.dsl
18:18:24.574 [ForkJoinPool.commonPool-worker-1] DEBUG d.s.c.ls.model.C4DocumentManager - onParsedColor at linenumber cnc_controller.dsl, 196
18:18:24.574 [ForkJoinPool.commonPool-worker-1] DEBUG d.s.c.ls.model.C4DocumentManager - getModel file: /home/idan/dev/cnc/doc/cnc_controller.dsl
18:18:24.574 [ForkJoinPool.commonPool-worker-1] DEBUG d.s.c.ls.model.C4DocumentManager - onEndContext: cnc_controller.dsl at linenumber 198, contextId: 1906594270, contextName ElementStyleDslContext
18:18:24.574 [ForkJoinPool.commonPool-worker-1] DEBUG d.s.c.ls.model.C4DocumentManager - getModel file: /home/idan/dev/cnc/doc/cnc_controller.dsl
18:18:24.574 [ForkJoinPool.commonPool-worker-1] DEBUG d.s.c.ls.model.C4DocumentManager - onStartContext: cnc_controller.dsl at linenumber 199, contextId: 1595542183, contextName ElementStyleDslContext
18:18:24.574 [ForkJoinPool.commonPool-worker-1] DEBUG d.s.c.ls.model.C4DocumentManager - getModel file: /home/idan/dev/cnc/doc/cnc_controller.dsl
18:18:24.574 [ForkJoinPool.commonPool-worker-1] DEBUG d.s.c.ls.model.C4DocumentManager - onParsedColor at linenumber cnc_controller.dsl, 200
18:18:24.574 [ForkJoinPool.commonPool-worker-1] DEBUG d.s.c.ls.model.C4DocumentManager - getModel file: /home/idan/dev/cnc/doc/cnc_controller.dsl
18:18:24.574 [ForkJoinPool.commonPool-worker-1] DEBUG d.s.c.ls.model.C4DocumentManager - onParsedColor at linenumber cnc_controller.dsl, 201
18:18:24.574 [ForkJoinPool.commonPool-worker-1] DEBUG d.s.c.ls.model.C4DocumentManager - getModel file: /home/idan/dev/cnc/doc/cnc_controller.dsl
18:18:24.575 [ForkJoinPool.commonPool-worker-1] DEBUG d.s.c.ls.model.C4DocumentManager - onEndContext: cnc_controller.dsl at linenumber 203, contextId: 1595542183, contextName ElementStyleDslContext
18:18:24.575 [ForkJoinPool.commonPool-worker-1] DEBUG d.s.c.ls.model.C4DocumentManager - getModel file: /home/idan/dev/cnc/doc/cnc_controller.dsl
18:18:24.575 [ForkJoinPool.commonPool-worker-1] DEBUG d.s.c.ls.model.C4DocumentManager - onStartContext: cnc_controller.dsl at linenumber 204, contextId: 1132779405, contextName ElementStyleDslContext
18:18:24.575 [ForkJoinPool.commonPool-worker-1] DEBUG d.s.c.ls.model.C4DocumentManager - getModel file: /home/idan/dev/cnc/doc/cnc_controller.dsl
18:18:24.575 [ForkJoinPool.commonPool-worker-1] DEBUG d.s.c.ls.model.C4DocumentManager - onParsedColor at linenumber cnc_controller.dsl, 205
18:18:24.575 [ForkJoinPool.commonPool-worker-1] DEBUG d.s.c.ls.model.C4DocumentManager - getModel file: /home/idan/dev/cnc/doc/cnc_controller.dsl
18:18:24.575 [ForkJoinPool.commonPool-worker-1] DEBUG d.s.c.ls.model.C4DocumentManager - onParsedColor at linenumber cnc_controller.dsl, 206
18:18:24.575 [ForkJoinPool.commonPool-worker-1] DEBUG d.s.c.ls.model.C4DocumentManager - getModel file: /home/idan/dev/cnc/doc/cnc_controller.dsl
18:18:24.575 [ForkJoinPool.commonPool-worker-1] DEBUG d.s.c.ls.model.C4DocumentManager - onEndContext: cnc_controller.dsl at linenumber 208, contextId: 1132779405, contextName ElementStyleDslContext
18:18:24.575 [ForkJoinPool.commonPool-worker-1] DEBUG d.s.c.ls.model.C4DocumentManager - getModel file: /home/idan/dev/cnc/doc/cnc_controller.dsl
18:18:24.575 [ForkJoinPool.commonPool-worker-1] DEBUG d.s.c.ls.model.C4DocumentManager - onStartContext: cnc_controller.dsl at linenumber 209, contextId: 1931823307, contextName ElementStyleDslContext
18:18:24.575 [ForkJoinPool.commonPool-worker-1] DEBUG d.s.c.ls.model.C4DocumentManager - getModel file: /home/idan/dev/cnc/doc/cnc_controller.dsl
18:18:24.575 [ForkJoinPool.commonPool-worker-1] DEBUG d.s.c.ls.model.C4DocumentManager - onParsedColor at linenumber cnc_controller.dsl, 210
18:18:24.575 [ForkJoinPool.commonPool-worker-1] DEBUG d.s.c.ls.model.C4DocumentManager - getModel file: /home/idan/dev/cnc/doc/cnc_controller.dsl
18:18:24.575 [ForkJoinPool.commonPool-worker-1] DEBUG d.s.c.ls.model.C4DocumentManager - onParsedColor at linenumber cnc_controller.dsl, 211
18:18:24.575 [ForkJoinPool.commonPool-worker-1] DEBUG d.s.c.ls.model.C4DocumentManager - getModel file: /home/idan/dev/cnc/doc/cnc_controller.dsl
18:18:24.575 [ForkJoinPool.commonPool-worker-1] DEBUG d.s.c.ls.model.C4DocumentManager - onEndContext: cnc_controller.dsl at linenumber 213, contextId: 1931823307, contextName ElementStyleDslContext
18:18:24.575 [ForkJoinPool.commonPool-worker-1] DEBUG d.s.c.ls.model.C4DocumentManager - getModel file: /home/idan/dev/cnc/doc/cnc_controller.dsl
18:18:24.576 [ForkJoinPool.commonPool-worker-1] DEBUG d.s.c.ls.model.C4DocumentManager - onStartContext: cnc_controller.dsl at linenumber 214, contextId: 551341520, contextName ElementStyleDslContext
18:18:24.576 [ForkJoinPool.commonPool-worker-1] DEBUG d.s.c.ls.model.C4DocumentManager - getModel file: /home/idan/dev/cnc/doc/cnc_controller.dsl
18:18:24.576 [ForkJoinPool.commonPool-worker-1] DEBUG d.s.c.ls.model.C4DocumentManager - onParsedColor at linenumber cnc_controller.dsl, 215
18:18:24.576 [ForkJoinPool.commonPool-worker-1] DEBUG d.s.c.ls.model.C4DocumentManager - getModel file: /home/idan/dev/cnc/doc/cnc_controller.dsl
18:18:24.576 [ForkJoinPool.commonPool-worker-1] DEBUG d.s.c.ls.model.C4DocumentManager - onParsedColor at linenumber cnc_controller.dsl, 216
18:18:24.576 [ForkJoinPool.commonPool-worker-1] DEBUG d.s.c.ls.model.C4DocumentManager - getModel file: /home/idan/dev/cnc/doc/cnc_controller.dsl
18:18:24.576 [ForkJoinPool.commonPool-worker-1] DEBUG d.s.c.ls.model.C4DocumentManager - onEndContext: cnc_controller.dsl at linenumber 218, contextId: 551341520, contextName ElementStyleDslContext
18:18:24.576 [ForkJoinPool.commonPool-worker-1] DEBUG d.s.c.ls.model.C4DocumentManager - getModel file: /home/idan/dev/cnc/doc/cnc_controller.dsl
18:18:24.576 [ForkJoinPool.commonPool-worker-1] DEBUG d.s.c.ls.model.C4DocumentManager - onStartContext: cnc_controller.dsl at linenumber 219, contextId: 798794846, contextName ElementStyleDslContext
18:18:24.576 [ForkJoinPool.commonPool-worker-1] DEBUG d.s.c.ls.model.C4DocumentManager - getModel file: /home/idan/dev/cnc/doc/cnc_controller.dsl
18:18:24.576 [ForkJoinPool.commonPool-worker-1] DEBUG d.s.c.ls.model.C4DocumentManager - onParsedColor at linenumber cnc_controller.dsl, 220
18:18:24.576 [ForkJoinPool.commonPool-worker-1] DEBUG d.s.c.ls.model.C4DocumentManager - getModel file: /home/idan/dev/cnc/doc/cnc_controller.dsl
18:18:24.576 [ForkJoinPool.commonPool-worker-1] DEBUG d.s.c.ls.model.C4DocumentManager - onParsedColor at linenumber cnc_controller.dsl, 221
18:18:24.576 [ForkJoinPool.commonPool-worker-1] DEBUG d.s.c.ls.model.C4DocumentManager - getModel file: /home/idan/dev/cnc/doc/cnc_controller.dsl
18:18:24.576 [ForkJoinPool.commonPool-worker-1] DEBUG d.s.c.ls.model.C4DocumentManager - onEndContext: cnc_controller.dsl at linenumber 223, contextId: 798794846, contextName ElementStyleDslContext
18:18:24.576 [ForkJoinPool.commonPool-worker-1] DEBUG d.s.c.ls.model.C4DocumentManager - getModel file: /home/idan/dev/cnc/doc/cnc_controller.dsl
18:18:24.576 [ForkJoinPool.commonPool-worker-1] DEBUG d.s.c.ls.model.C4DocumentManager - onEndContext: cnc_controller.dsl at linenumber 224, contextId: 1244617187, contextName StylesDslContext
18:18:24.576 [ForkJoinPool.commonPool-worker-1] DEBUG d.s.c.ls.model.C4DocumentManager - getModel file: /home/idan/dev/cnc/doc/cnc_controller.dsl
18:18:24.576 [ForkJoinPool.commonPool-worker-1] DEBUG d.s.c.ls.model.C4DocumentManager - onEndContext: cnc_controller.dsl at linenumber 225, contextId: 934336434, contextName ViewsDslContext
18:18:24.576 [ForkJoinPool.commonPool-worker-1] DEBUG d.s.c.ls.model.C4DocumentManager - getModel file: /home/idan/dev/cnc/doc/cnc_controller.dsl
18:18:24.576 [ForkJoinPool.commonPool-worker-1] DEBUG d.s.c.ls.model.C4DocumentManager - onEndContext: cnc_controller.dsl at linenumber 227, contextId: 234901058, contextName WorkspaceDslContext
18:18:24.576 [ForkJoinPool.commonPool-worker-1] DEBUG d.s.c.ls.model.C4DocumentManager - getModel file: /home/idan/dev/cnc/doc/cnc_controller.dsl
18:18:24.576 [ForkJoinPool.commonPool-worker-1] DEBUG d.s.c.ls.model.C4DocumentManager - Parsing finished
18:18:24.577 [ForkJoinPool.commonPool-worker-1] DEBUG d.s.c4dsl.ls.model.C4DocumentModel - setWorkspace Name
18:18:24.577 [ForkJoinPool.commonPool-worker-1] DEBUG d.s.c4dsl.ls.model.C4DocumentModel - setValid true
18:18:24.578 [ForkJoinPool.commonPool-worker-1] INFO  d.s.c.l.s.C4TextDocumentService - <-- getDiagnostics
18:18:24.578 [ForkJoinPool.commonPool-worker-2] DEBUG d.s.c.ls.model.C4DocumentManager - getModel file: /home/idan/dev/cnc/doc/cnc_controller.dsl
18:18:24.578 [ForkJoinPool.commonPool-worker-2] INFO  d.s.c.l.s.C4TextDocumentService - <-- getDocument
18:18:24.578 [ForkJoinPool.commonPool-worker-2] DEBUG d.s.c.ls.provider.C4ColorProvider - calcDocumentColors file:/home/idan/dev/cnc/doc/cnc_controller.dsl
18:18:24.578 [ForkJoinPool.commonPool-worker-2] DEBUG d.s.c.ls.provider.C4ColorProvider -                    [175, 176, 180, 181, 185, 186, 190, 191, 195, 196, 200, 201, 205, 206, 210, 211, 215, 216, 220, 221]
18:18:24.580 [ForkJoinPool.commonPool-worker-2] ERROR d.s.c.ls.provider.C4ColorProvider - Cannot provider color information: StringIndexOutOfBoundsException, begin -1, end 6, length 34
18:18:24.893 [pool-1-thread-1] INFO  d.s.c.l.s.C4TextDocumentService - codeLens
18:18:24.894 [ForkJoinPool.commonPool-worker-1] INFO  d.s.c.l.s.C4TextDocumentService - --> getDocument
18:18:24.895 [ForkJoinPool.commonPool-worker-1] DEBUG d.s.c.ls.model.C4DocumentManager - getModel file: /home/idan/dev/cnc/doc/cnc_controller.dsl
18:18:24.895 [ForkJoinPool.commonPool-worker-1] INFO  d.s.c.l.s.C4TextDocumentService - <-- getDocument
18:18:24.927 [pool-1-thread-1] INFO  d.s.c.l.s.C4TextDocumentService - semanticTokensFull
18:18:24.927 [ForkJoinPool.commonPool-worker-2] INFO  d.s.c.l.s.C4TextDocumentService - --> getDocument
18:18:24.927 [ForkJoinPool.commonPool-worker-2] DEBUG d.s.c.ls.model.C4DocumentManager - getModel file: /home/idan/dev/cnc/doc/cnc_controller.dsl
18:18:24.927 [ForkJoinPool.commonPool-worker-2] INFO  d.s.c.l.s.C4TextDocumentService - <-- getDocument
18:18:24.934 [ForkJoinPool.commonPool-worker-2] DEBUG d.s.c.l.p.C4SemanticTokenProvider - Semantik Tokens at [13, 16, 4, 14, 0, 0, -17, 15, 14, 0, 1, -1, 15, 14, 0, 0, 25, 4, 14, 0, 13, 24, 6, 14, 0, 0, -25, 7, 14, 0, 6, 24, 6, 14, 0, 0, -25, 4, 14, 0, 1, 24, 7, 14, 0, 0, -25, 4, 14, 0, 6, 24, 6, 14, 0, 0, -25, 4, 14, 0, 2, 24, 7, 14, 0, 0, -25, 4, 14, 0, 5, 24, 6, 14, 0, 0, -25, 8, 14, 0, 8, -1, 13, 14, 0, 0, 33, 8, 14, 0, 11, -1, 11, 14, 0, 0, 33, 4, 14, 0, 6, -1, 15, 14, 0, 0, 33, 16, 14, 0, 1, -1, 15, 14, 0, 0, 33, 11, 14, 0, 1, -1, 15, 14, 0, 0, 33, 6, 14, 0, 8, -1, 12, 14, 0, 0, 33, 7, 14, 0, 1, -1, 12, 14, 0, 0, 33, 4, 14, 0, 22, 24, 14, 14, 0, 0, -25, 4, 14, 0, 5, 24, 15, 14, 0, 0, -25, 5, 14, 0, 5, 24, 14, 14, 0, 0, -25, 4, 14, 0, 5, -1, 18, 14, 0, 0, 33, 14, 14, 0, 1, -1, 18, 14, 0, 0, 33, 15, 14, 0, 1, -1, 18, 14, 0, 0, 33, 14, 14, 0, 1, 24, 12, 14, 0, 0, -25, 18, 14, 0, 1, 24, 13, 14, 0, 0, -25, 18, 14, 0, 1, 24, 16, 14, 0, 0, -25, 18, 14, 0, 10, 16, 5, 14, 0, 0, -17, 9, 14, 0, 5, 16, 4, 14, 0, 0, -17, 8, 14, 0, 5, 16, 15, 14, 0, 0, -17, 8, 14, 0, 1, -1, 8, 14, 0, 0, 25, 15, 14, 0, 1, -1, 8, 14, 0, 0, 25, 4, 14, 0, 1, 16, 4, 14, 0, 0, -17, 8, 14, 0, 7, 36, 14, 14, 0, 5, 18, 14, 14, 0, 5, 18, 14, 14, 0]
18:18:29.940 [pool-1-thread-1] INFO  d.s.c.l.s.C4TextDocumentService - codeLens
18:18:29.941 [ForkJoinPool.commonPool-worker-1] INFO  d.s.c.l.s.C4TextDocumentService - --> getDocument
18:18:29.941 [ForkJoinPool.commonPool-worker-1] DEBUG d.s.c.ls.model.C4DocumentManager - getModel file: /home/idan/dev/cnc/doc/cnc_controller.dsl
18:18:29.941 [ForkJoinPool.commonPool-worker-1] INFO  d.s.c.l.s.C4TextDocumentService - <-- getDocument
18:18:30.544 [pool-1-thread-1] INFO  d.s.c.l.s.C4TextDocumentService - didClose file:///home/idan/dev/cnc/doc/cnc_controller.dsl
